# JRE version: OpenJDK Runtime Environment (8.0_242-b01) (build 1.8.0_242-release-1644-b01)
# Java VM: OpenJDK 64-Bit Server VM (25.242-b01 mixed mode windows-amd64 compressed oops)
Heap:
 PSYoungGen      total 341504K, used 83572K [0x00000000d5580000, 0x00000000f1500000, 0x0000000100000000)
  eden space 308736K, 16% used [0x00000000d5580000,0x00000000d8744070,0x00000000e8300000)
  from space 32768K, 99% used [0x00000000e8c00000,0x00000000eabd90e8,0x00000000eac00000)
  to   space 74752K, 0% used [0x00000000ecc00000,0x00000000ecc00000,0x00000000f1500000)
 ParOldGen       total 304128K, used 106091K [0x0000000080000000, 0x0000000092900000, 0x00000000d5580000)
  object space 304128K, 34% used [0x0000000080000000,0x000000008679acd0,0x0000000092900000)
 Metaspace       used 124726K, capacity 134044K, committed 134272K, reserved 1165312K
  class space    used 15851K, capacity 17447K, committed 17536K, reserved 1048576K
GC Heap History (10 events):
Event: 2340.886 GC heap before
{Heap before GC invocations=37 (full 4):
 PSYoungGen      total 427520K, used 413143K [0x00000000d5580000, 0x00000000f4a00000, 0x0000000100000000)
  eden space 358912K, 100% used [0x00000000d5580000,0x00000000eb400000,0x00000000eb400000)
  from space 68608K, 79% used [0x00000000f0700000,0x00000000f3bf5e90,0x00000000f4a00000)
  to   space 76800K, 0% used [0x00000000eb400000,0x00000000eb400000,0x00000000eff00000)
 ParOldGen       total 304128K, used 94517K [0x0000000080000000, 0x0000000092900000, 0x00000000d5580000)
  object space 304128K, 31% used [0x0000000080000000,0x0000000085c4d698,0x0000000092900000)
 Metaspace       used 124092K, capacity 133282K, committed 133376K, reserved 1165312K
  class space    used 15828K, capacity 17408K, committed 17408K, reserved 1048576K
Event: 2340.931 GC heap after
Heap after GC invocations=37 (full 4):
 PSYoungGen      total 423936K, used 75350K [0x00000000d5580000, 0x00000000f5280000, 0x0000000100000000)
  eden space 348160K, 0% used [0x00000000d5580000,0x00000000d5580000,0x00000000ea980000)
  from space 75776K, 99% used [0x00000000eb400000,0x00000000efd959e8,0x00000000efe00000)
  to   space 86528K, 0% used [0x00000000efe00000,0x00000000efe00000,0x00000000f5280000)
 ParOldGen       total 304128K, used 97636K [0x0000000080000000, 0x0000000092900000, 0x00000000d5580000)
  object space 304128K, 32% used [0x0000000080000000,0x0000000085f59278,0x0000000092900000)
 Metaspace       used 124092K, capacity 133282K, committed 133376K, reserved 1165312K
  class space    used 15828K, capacity 17408K, committed 17408K, reserved 1048576K
}
Event: 2447.831 GC heap before
{Heap before GC invocations=38 (full 4):
 PSYoungGen      total 423936K, used 423510K [0x00000000d5580000, 0x00000000f5280000, 0x0000000100000000)
  eden space 348160K, 100% used [0x00000000d5580000,0x00000000ea980000,0x00000000ea980000)
  from space 75776K, 99% used [0x00000000eb400000,0x00000000efd959e8,0x00000000efe00000)
  to   space 86528K, 0% used [0x00000000efe00000,0x00000000efe00000,0x00000000f5280000)
 ParOldGen       total 304128K, used 97636K [0x0000000080000000, 0x0000000092900000, 0x00000000d5580000)
  object space 304128K, 32% used [0x0000000080000000,0x0000000085f59278,0x0000000092900000)
 Metaspace       used 124315K, capacity 133640K, committed 133760K, reserved 1165312K
  class space    used 15843K, capacity 17435K, committed 17536K, reserved 1048576K
Event: 2447.857 GC heap after
Heap after GC invocations=38 (full 4):
 PSYoungGen      total 407040K, used 43523K [0x00000000d5580000, 0x00000000f4180000, 0x0000000100000000)
  eden space 337920K, 0% used [0x00000000d5580000,0x00000000d5580000,0x00000000e9f80000)
  from space 69120K, 62% used [0x00000000efe00000,0x00000000f2880dd8,0x00000000f4180000)
  to   space 82944K, 0% used [0x00000000e9f80000,0x00000000e9f80000,0x00000000ef080000)
 ParOldGen       total 304128K, used 97644K [0x0000000080000000, 0x0000000092900000, 0x00000000d5580000)
  object space 304128K, 32% used [0x0000000080000000,0x0000000085f5b278,0x0000000092900000)
 Metaspace       used 124315K, capacity 133640K, committed 133760K, reserved 1165312K
  class space    used 15843K, capacity 17435K, committed 17536K, reserved 1048576K
}
Event: 2559.796 GC heap before
{Heap before GC invocations=39 (full 4):
 PSYoungGen      total 407040K, used 381443K [0x00000000d5580000, 0x00000000f4180000, 0x0000000100000000)
  eden space 337920K, 100% used [0x00000000d5580000,0x00000000e9f80000,0x00000000e9f80000)
  from space 69120K, 62% used [0x00000000efe00000,0x00000000f2880dd8,0x00000000f4180000)
  to   space 82944K, 0% used [0x00000000e9f80000,0x00000000e9f80000,0x00000000ef080000)
 ParOldGen       total 304128K, used 97644K [0x0000000080000000, 0x0000000092900000, 0x00000000d5580000)
  object space 304128K, 32% used [0x0000000080000000,0x0000000085f5b278,0x0000000092900000)
 Metaspace       used 124498K, capacity 133898K, committed 134016K, reserved 1165312K
  class space    used 15849K, capacity 17446K, committed 17536K, reserved 1048576K
Event: 2559.818 GC heap after
Heap after GC invocations=39 (full 4):
 PSYoungGen      total 370176K, used 42486K [0x00000000d5580000, 0x00000000f2f80000, 0x0000000100000000)
  eden space 327680K, 0% used [0x00000000d5580000,0x00000000d5580000,0x00000000e9580000)
  from space 42496K, 99% used [0x00000000e9f80000,0x00000000ec8fd810,0x00000000ec900000)
  to   space 78848K, 0% used [0x00000000ee280000,0x00000000ee280000,0x00000000f2f80000)
 ParOldGen       total 304128K, used 97652K [0x0000000080000000, 0x0000000092900000, 0x00000000d5580000)
  object space 304128K, 32% used [0x0000000080000000,0x0000000085f5d278,0x0000000092900000)
 Metaspace       used 124498K, capacity 133898K, committed 134016K, reserved 1165312K
  class space    used 15849K, capacity 17446K, committed 17536K, reserved 1048576K
}
Event: 2661.026 GC heap before
{Heap before GC invocations=40 (full 4):
 PSYoungGen      total 370176K, used 370166K [0x00000000d5580000, 0x00000000f2f80000, 0x0000000100000000)
  eden space 327680K, 100% used [0x00000000d5580000,0x00000000e9580000,0x00000000e9580000)
  from space 42496K, 99% used [0x00000000e9f80000,0x00000000ec8fd810,0x00000000ec900000)
  to   space 78848K, 0% used [0x00000000ee280000,0x00000000ee280000,0x00000000f2f80000)
 ParOldGen       total 304128K, used 97652K [0x0000000080000000, 0x0000000092900000, 0x00000000d5580000)
  object space 304128K, 32% used [0x0000000080000000,0x0000000085f5d278,0x0000000092900000)
 Metaspace       used 124601K, capacity 133962K, committed 134272K, reserved 1165312K
  class space    used 15850K, capacity 17446K, committed 17536K, reserved 1048576K
Event: 2661.044 GC heap after
Heap after GC invocations=40 (full 4):
 PSYoungGen      total 382976K, used 32190K [0x00000000d5580000, 0x00000000f2200000, 0x0000000100000000)
  eden space 317952K, 0% used [0x00000000d5580000,0x00000000d5580000,0x00000000e8c00000)
  from space 65024K, 49% used [0x00000000ee280000,0x00000000f01ef860,0x00000000f2200000)
  to   space 76800K, 0% used [0x00000000e8c00000,0x00000000e8c00000,0x00000000ed700000)
 ParOldGen       total 304128K, used 103963K [0x0000000080000000, 0x0000000092900000, 0x00000000d5580000)
  object space 304128K, 34% used [0x0000000080000000,0x0000000086586e40,0x0000000092900000)
 Metaspace       used 124601K, capacity 133962K, committed 134272K, reserved 1165312K
  class space    used 15850K, capacity 17446K, committed 17536K, reserved 1048576K
}
Event: 2745.074 GC heap before
{Heap before GC invocations=41 (full 4):
 PSYoungGen      total 382976K, used 350142K [0x00000000d5580000, 0x00000000f2200000, 0x0000000100000000)
  eden space 317952K, 100% used [0x00000000d5580000,0x00000000e8c00000,0x00000000e8c00000)
  from space 65024K, 49% used [0x00000000ee280000,0x00000000f01ef860,0x00000000f2200000)
  to   space 76800K, 0% used [0x00000000e8c00000,0x00000000e8c00000,0x00000000ed700000)
 ParOldGen       total 304128K, used 103963K [0x0000000080000000, 0x0000000092900000, 0x00000000d5580000)
  object space 304128K, 34% used [0x0000000080000000,0x0000000086586e40,0x0000000092900000)
 Metaspace       used 124698K, capacity 134040K, committed 134272K, reserved 1165312K
  class space    used 15851K, capacity 17447K, committed 17536K, reserved 1048576K
Event: 2745.094 GC heap after
Heap after GC invocations=41 (full 4):
 PSYoungGen      total 341504K, used 32612K [0x00000000d5580000, 0x00000000f1500000, 0x0000000100000000)
  eden space 308736K, 0% used [0x00000000d5580000,0x00000000d5580000,0x00000000e8300000)
  from space 32768K, 99% used [0x00000000e8c00000,0x00000000eabd90e8,0x00000000eac00000)
  to   space 74752K, 0% used [0x00000000ecc00000,0x00000000ecc00000,0x00000000f1500000)
 ParOldGen       total 304128K, used 106091K [0x0000000080000000, 0x0000000092900000, 0x00000000d5580000)
  object space 304128K, 34% used [0x0000000080000000,0x000000008679acd0,0x0000000092900000)
 Metaspace       used 124698K, capacity 134040K, committed 134272K, reserved 1165312K
  class space    used 15851K, capacity 17447K, committed 17536K, reserved 1048576K
}

